2018-10-24 15:06:46 [main] INFO  o.s.c.c.c.ConfigServicePropertySourceLocator - Fetching config from server at : http://localhost:8888
2018-10-24 15:06:46 [main] INFO  o.s.c.c.c.ConfigServicePropertySourceLocator - Connect Timeout Exception on Url - http://localhost:8888. Will be trying the next url if available
2018-10-24 15:06:46 [main] WARN  o.s.c.c.c.ConfigServicePropertySourceLocator - Could not locate PropertySource: I/O error on GET request for "http://localhost:8888/movie-server/default": Connection refused (Connection refused); nested exception is java.net.ConnectException: Connection refused (Connection refused)
2018-10-24 15:06:46 [main] INFO  c.s.m.MovieServicesApplicationTests - No active profile set, falling back to default profiles: default
2018-10-24 15:06:49 [main] INFO  o.s.cloud.context.scope.GenericScope - BeanFactory id=9cdd7f74-86b0-36b6-aebe-69ca4c6ddb3f
2018-10-24 15:06:49 [main] INFO  o.s.b.f.a.AutowiredAnnotationBeanPostProcessor - JSR-330 'javax.inject.Inject' annotation found and supported for autowiring
2018-10-24 15:06:49 [main] INFO  o.s.c.s.PostProcessorRegistrationDelegate$BeanPostProcessorChecker - Bean 'org.springframework.cloud.autoconfigure.ConfigurationPropertiesRebinderAutoConfiguration' of type [org.springframework.cloud.autoconfigure.ConfigurationPropertiesRebinderAutoConfiguration$$EnhancerBySpringCGLIB$$1b76933a] is not eligible for getting processed by all BeanPostProcessors (for example: not eligible for auto-proxying)
2018-10-24 15:06:50 [main] INFO  org.mongodb.driver.cluster - Cluster created with settings {hosts=[localhost:27017], mode=SINGLE, requiredClusterType=UNKNOWN, serverSelectionTimeout='30000 ms', maxWaitQueueSize=500}
2018-10-24 15:06:50 [cluster-ClusterId{value='5bd03d32068abc315f74fe26', description='null'}-localhost:27017] INFO  org.mongodb.driver.connection - Opened connection [connectionId{localValue:1, serverValue:1}] to localhost:27017
2018-10-24 15:06:50 [cluster-ClusterId{value='5bd03d32068abc315f74fe26', description='null'}-localhost:27017] INFO  org.mongodb.driver.cluster - Monitor thread successfully connected to server with description ServerDescription{address=localhost:27017, type=STANDALONE, state=CONNECTED, ok=true, version=ServerVersion{versionList=[3, 2, 21]}, minWireVersion=0, maxWireVersion=4, maxDocumentSize=16777216, logicalSessionTimeoutMinutes=null, roundTripTimeNanos=1684829}
2018-10-24 15:06:51 [main] INFO  s.d.s.w.PropertySourcedRequestMappingHandlerMapping - Mapped URL path [/v2/api-docs] onto method [public org.springframework.http.ResponseEntity<springfox.documentation.spring.web.json.Json> springfox.documentation.swagger2.web.Swagger2Controller.getDocumentation(java.lang.String,javax.servlet.http.HttpServletRequest)]
2018-10-24 15:06:52 [main] WARN  c.n.c.sources.URLConfigurationSource - No URLs will be polled as dynamic configuration sources.
2018-10-24 15:06:52 [main] INFO  c.n.c.sources.URLConfigurationSource - To enable URLs as dynamic configuration sources, define System property archaius.configurationSource.additionalUrls or make config.properties available on classpath.
2018-10-24 15:06:52 [main] WARN  c.n.c.sources.URLConfigurationSource - No URLs will be polled as dynamic configuration sources.
2018-10-24 15:06:52 [main] INFO  c.n.c.sources.URLConfigurationSource - To enable URLs as dynamic configuration sources, define System property archaius.configurationSource.additionalUrls or make config.properties available on classpath.
2018-10-24 15:06:53 [main] INFO  o.s.c.s.DefaultLifecycleProcessor - Starting beans in phase 0
2018-10-24 15:06:53 [main] INFO  o.s.c.s.DefaultLifecycleProcessor - Starting beans in phase 2147483647
2018-10-24 15:06:53 [main] INFO  s.d.s.w.p.DocumentationPluginsBootstrapper - Context refreshed
2018-10-24 15:06:53 [main] INFO  s.d.s.w.p.DocumentationPluginsBootstrapper - Found 1 custom documentation plugin(s)
2018-10-24 15:06:53 [main] INFO  s.d.s.w.s.ApiListingReferenceScanner - Scanning for api listing references
2018-10-24 15:06:54 [main] INFO  c.s.m.MovieServicesApplicationTests - Started MovieServicesApplicationTests in 10.2 seconds (JVM running for 12.295)
2018-10-24 15:06:54 [main] INFO  o.s.b.t.a.w.s.WebMvcTestContextBootstrapper - Neither @ContextConfiguration nor @ContextHierarchy found for test class [com.stackroute.movieservice.controller.MovieControllerTest], using SpringBootContextLoader
2018-10-24 15:06:54 [main] INFO  o.s.t.c.s.AbstractContextLoader - Could not detect default resource locations for test class [com.stackroute.movieservice.controller.MovieControllerTest]: no resource found for suffixes {-context.xml, Context.groovy}.
2018-10-24 15:06:54 [main] INFO  o.s.t.c.s.AnnotationConfigContextLoaderUtils - Could not detect default configuration classes for test class [com.stackroute.movieservice.controller.MovieControllerTest]: MovieControllerTest does not declare any static, non-private, non-final, nested classes annotated with @Configuration.
2018-10-24 15:06:54 [main] INFO  o.s.b.t.c.SpringBootTestContextBootstrapper - Found @SpringBootConfiguration com.stackroute.movieservice.MovieServicesApplication for test class com.stackroute.movieservice.controller.MovieControllerTest
2018-10-24 15:06:54 [main] INFO  o.s.b.t.a.w.s.WebMvcTestContextBootstrapper - Loaded default TestExecutionListener class names from location [META-INF/spring.factories]: [org.springframework.boot.test.mock.mockito.MockitoTestExecutionListener, org.springframework.boot.test.mock.mockito.ResetMocksTestExecutionListener, org.springframework.boot.test.autoconfigure.restdocs.RestDocsTestExecutionListener, org.springframework.boot.test.autoconfigure.web.client.MockRestServiceServerResetTestExecutionListener, org.springframework.boot.test.autoconfigure.web.servlet.MockMvcPrintOnlyOnFailureTestExecutionListener, org.springframework.boot.test.autoconfigure.web.servlet.WebDriverTestExecutionListener, org.springframework.test.context.web.ServletTestExecutionListener, org.springframework.test.context.support.DirtiesContextBeforeModesTestExecutionListener, org.springframework.test.context.support.DependencyInjectionTestExecutionListener, org.springframework.test.context.support.DirtiesContextTestExecutionListener, org.springframework.test.context.transaction.TransactionalTestExecutionListener, org.springframework.test.context.jdbc.SqlScriptsTestExecutionListener]
2018-10-24 15:06:54 [main] INFO  o.s.b.t.a.w.s.WebMvcTestContextBootstrapper - Using TestExecutionListeners: [org.springframework.test.context.web.ServletTestExecutionListener@1860b107, org.springframework.test.context.support.DirtiesContextBeforeModesTestExecutionListener@744f0e0b, org.springframework.boot.test.mock.mockito.MockitoTestExecutionListener@4136b193, org.springframework.boot.test.autoconfigure.SpringBootDependencyInjectionTestExecutionListener@4af44f2a, org.springframework.test.context.support.DirtiesContextTestExecutionListener@570127fa, org.springframework.test.context.transaction.TransactionalTestExecutionListener@5b324447, org.springframework.test.context.jdbc.SqlScriptsTestExecutionListener@2ffcdc9b, org.springframework.boot.test.mock.mockito.ResetMocksTestExecutionListener@47994b51, org.springframework.boot.test.autoconfigure.restdocs.RestDocsTestExecutionListener@19f99aaf, org.springframework.boot.test.autoconfigure.web.client.MockRestServiceServerResetTestExecutionListener@5020e5ab, org.springframework.boot.test.autoconfigure.web.servlet.MockMvcPrintOnlyOnFailureTestExecutionListener@19f1f330, org.springframework.boot.test.autoconfigure.web.servlet.WebDriverTestExecutionListener@143fe09c]
2018-10-24 15:06:54 [main] INFO  o.s.c.c.c.ConfigServicePropertySourceLocator - Fetching config from server at : http://localhost:8888
2018-10-24 15:06:54 [main] INFO  o.s.c.c.c.ConfigServicePropertySourceLocator - Connect Timeout Exception on Url - http://localhost:8888. Will be trying the next url if available
2018-10-24 15:06:54 [main] WARN  o.s.c.c.c.ConfigServicePropertySourceLocator - Could not locate PropertySource: I/O error on GET request for "http://localhost:8888/movie-server/default": Connection refused (Connection refused); nested exception is java.net.ConnectException: Connection refused (Connection refused)
2018-10-24 15:06:54 [main] INFO  c.s.m.controller.MovieControllerTest - No active profile set, falling back to default profiles: default
2018-10-24 15:06:55 [main] INFO  o.s.b.f.a.AutowiredAnnotationBeanPostProcessor - JSR-330 'javax.inject.Inject' annotation found and supported for autowiring
2018-10-24 15:06:56 [main] INFO  o.s.b.t.m.w.SpringBootMockServletContext - Initializing Spring FrameworkServlet ''
2018-10-24 15:06:56 [main] INFO  o.s.t.w.s.TestDispatcherServlet - FrameworkServlet '': initialization started
2018-10-24 15:06:56 [main] INFO  o.s.t.w.s.TestDispatcherServlet - FrameworkServlet '': initialization completed in 18 ms
2018-10-24 15:06:56 [main] INFO  c.s.m.controller.MovieControllerTest - Started MovieControllerTest in 1.738 seconds (JVM running for 14.535)
2018-10-24 15:06:56 [main] INFO  o.s.mock.web.MockServletContext - Initializing Spring FrameworkServlet ''
2018-10-24 15:06:56 [main] INFO  o.s.t.w.s.TestDispatcherServlet - FrameworkServlet '': initialization started
2018-10-24 15:06:56 [main] INFO  o.s.t.w.s.TestDispatcherServlet - FrameworkServlet '': initialization completed in 1 ms
2018-10-24 15:06:56 [main] ERROR c.s.m.controller.MovieController - null
2018-10-24 15:06:56 [main] INFO  o.s.mock.web.MockServletContext - Initializing Spring FrameworkServlet ''
2018-10-24 15:06:56 [main] INFO  o.s.t.w.s.TestDispatcherServlet - FrameworkServlet '': initialization started
2018-10-24 15:06:56 [main] INFO  o.s.t.w.s.TestDispatcherServlet - FrameworkServlet '': initialization completed in 0 ms
2018-10-24 15:06:56 [main] ERROR c.s.m.controller.MovieController - null
2018-10-24 15:06:56 [main] INFO  o.s.mock.web.MockServletContext - Initializing Spring FrameworkServlet ''
2018-10-24 15:06:56 [main] INFO  o.s.t.w.s.TestDispatcherServlet - FrameworkServlet '': initialization started
2018-10-24 15:06:56 [main] INFO  o.s.t.w.s.TestDispatcherServlet - FrameworkServlet '': initialization completed in 0 ms
2018-10-24 15:06:56 [main] INFO  o.s.mock.web.MockServletContext - Initializing Spring FrameworkServlet ''
2018-10-24 15:06:56 [main] INFO  o.s.t.w.s.TestDispatcherServlet - FrameworkServlet '': initialization started
2018-10-24 15:06:56 [main] INFO  o.s.t.w.s.TestDispatcherServlet - FrameworkServlet '': initialization completed in 0 ms
2018-10-24 15:06:56 [main] INFO  o.s.mock.web.MockServletContext - Initializing Spring FrameworkServlet ''
2018-10-24 15:06:56 [main] INFO  o.s.t.w.s.TestDispatcherServlet - FrameworkServlet '': initialization started
2018-10-24 15:06:56 [main] INFO  o.s.t.w.s.TestDispatcherServlet - FrameworkServlet '': initialization completed in 1 ms
2018-10-24 15:06:56 [main] INFO  o.s.mock.web.MockServletContext - Initializing Spring FrameworkServlet ''
2018-10-24 15:06:56 [main] INFO  o.s.t.w.s.TestDispatcherServlet - FrameworkServlet '': initialization started
2018-10-24 15:06:56 [main] INFO  o.s.t.w.s.TestDispatcherServlet - FrameworkServlet '': initialization completed in 0 ms
2018-10-24 15:06:56 [main] INFO  o.s.mock.web.MockServletContext - Initializing Spring FrameworkServlet ''
2018-10-24 15:06:56 [main] INFO  o.s.t.w.s.TestDispatcherServlet - FrameworkServlet '': initialization started
2018-10-24 15:06:56 [main] INFO  o.s.t.w.s.TestDispatcherServlet - FrameworkServlet '': initialization completed in 0 ms
2018-10-24 15:06:56 [main] ERROR c.s.m.controller.MovieController - null
2018-10-24 15:06:56 [main] INFO  o.s.mock.web.MockServletContext - Initializing Spring FrameworkServlet ''
2018-10-24 15:06:56 [main] INFO  o.s.t.w.s.TestDispatcherServlet - FrameworkServlet '': initialization started
2018-10-24 15:06:56 [main] INFO  o.s.t.w.s.TestDispatcherServlet - FrameworkServlet '': initialization completed in 0 ms
2018-10-24 15:06:56 [main] INFO  o.s.mock.web.MockServletContext - Initializing Spring FrameworkServlet ''
2018-10-24 15:06:56 [main] INFO  o.s.t.w.s.TestDispatcherServlet - FrameworkServlet '': initialization started
2018-10-24 15:06:56 [main] INFO  o.s.t.w.s.TestDispatcherServlet - FrameworkServlet '': initialization completed in 0 ms
2018-10-24 15:06:56 [main] ERROR c.s.m.controller.MovieController - null
2018-10-24 15:06:57 [main] INFO  o.s.mock.web.MockServletContext - Initializing Spring FrameworkServlet ''
2018-10-24 15:06:57 [main] INFO  o.s.t.w.s.TestDispatcherServlet - FrameworkServlet '': initialization started
2018-10-24 15:06:57 [main] INFO  o.s.t.w.s.TestDispatcherServlet - FrameworkServlet '': initialization completed in 0 ms
2018-10-24 15:06:57 [main] ERROR c.s.m.controller.MovieController - null
2018-10-24 15:06:57 [main] INFO  o.s.mock.web.MockServletContext - Initializing Spring FrameworkServlet ''
2018-10-24 15:06:57 [main] INFO  o.s.t.w.s.TestDispatcherServlet - FrameworkServlet '': initialization started
2018-10-24 15:06:57 [main] INFO  o.s.t.w.s.TestDispatcherServlet - FrameworkServlet '': initialization completed in 1 ms
2018-10-24 15:06:57 [main] INFO  o.s.mock.web.MockServletContext - Initializing Spring FrameworkServlet ''
2018-10-24 15:06:57 [main] INFO  o.s.t.w.s.TestDispatcherServlet - FrameworkServlet '': initialization started
2018-10-24 15:06:57 [main] INFO  o.s.t.w.s.TestDispatcherServlet - FrameworkServlet '': initialization completed in 0 ms
2018-10-24 15:06:57 [main] ERROR c.s.m.controller.MovieController - null
2018-10-24 15:06:57 [main] INFO  o.s.b.t.c.SpringBootTestContextBootstrapper - Neither @ContextConfiguration nor @ContextHierarchy found for test class [com.stackroute.movieservice.repository.MovieRepositoryTest], using SpringBootContextLoader
2018-10-24 15:06:57 [main] INFO  o.s.t.c.s.AbstractContextLoader - Could not detect default resource locations for test class [com.stackroute.movieservice.repository.MovieRepositoryTest]: no resource found for suffixes {-context.xml, Context.groovy}.
2018-10-24 15:06:57 [main] INFO  o.s.t.c.s.AnnotationConfigContextLoaderUtils - Could not detect default configuration classes for test class [com.stackroute.movieservice.repository.MovieRepositoryTest]: MovieRepositoryTest does not declare any static, non-private, non-final, nested classes annotated with @Configuration.
2018-10-24 15:06:57 [main] INFO  o.s.b.t.c.SpringBootTestContextBootstrapper - Found @SpringBootConfiguration com.stackroute.movieservice.MovieServicesApplication for test class com.stackroute.movieservice.repository.MovieRepositoryTest
2018-10-24 15:06:57 [main] INFO  o.s.b.t.c.SpringBootTestContextBootstrapper - Loaded default TestExecutionListener class names from location [META-INF/spring.factories]: [org.springframework.boot.test.mock.mockito.MockitoTestExecutionListener, org.springframework.boot.test.mock.mockito.ResetMocksTestExecutionListener, org.springframework.boot.test.autoconfigure.restdocs.RestDocsTestExecutionListener, org.springframework.boot.test.autoconfigure.web.client.MockRestServiceServerResetTestExecutionListener, org.springframework.boot.test.autoconfigure.web.servlet.MockMvcPrintOnlyOnFailureTestExecutionListener, org.springframework.boot.test.autoconfigure.web.servlet.WebDriverTestExecutionListener, org.springframework.test.context.web.ServletTestExecutionListener, org.springframework.test.context.support.DirtiesContextBeforeModesTestExecutionListener, org.springframework.test.context.support.DependencyInjectionTestExecutionListener, org.springframework.test.context.support.DirtiesContextTestExecutionListener, org.springframework.test.context.transaction.TransactionalTestExecutionListener, org.springframework.test.context.jdbc.SqlScriptsTestExecutionListener]
2018-10-24 15:06:57 [main] INFO  o.s.b.t.c.SpringBootTestContextBootstrapper - Using TestExecutionListeners: [org.springframework.test.context.web.ServletTestExecutionListener@3514df8d, org.springframework.test.context.support.DirtiesContextBeforeModesTestExecutionListener@b0e6d4e, org.springframework.boot.test.mock.mockito.MockitoTestExecutionListener@2bf2523f, org.springframework.boot.test.autoconfigure.SpringBootDependencyInjectionTestExecutionListener@1be3e952, org.springframework.test.context.support.DirtiesContextTestExecutionListener@818a514, org.springframework.test.context.transaction.TransactionalTestExecutionListener@7004cd44, org.springframework.test.context.jdbc.SqlScriptsTestExecutionListener@495e1ad1, org.springframework.boot.test.mock.mockito.ResetMocksTestExecutionListener@4d73d3d1, org.springframework.boot.test.autoconfigure.restdocs.RestDocsTestExecutionListener@eef6e, org.springframework.boot.test.autoconfigure.web.client.MockRestServiceServerResetTestExecutionListener@56b66cc6, org.springframework.boot.test.autoconfigure.web.servlet.MockMvcPrintOnlyOnFailureTestExecutionListener@6f076c53, org.springframework.boot.test.autoconfigure.web.servlet.WebDriverTestExecutionListener@3c39c739]
2018-10-24 15:06:57 [main] INFO  o.s.c.c.c.ConfigServicePropertySourceLocator - Fetching config from server at : http://localhost:8888
2018-10-24 15:06:57 [main] INFO  o.s.c.c.c.ConfigServicePropertySourceLocator - Connect Timeout Exception on Url - http://localhost:8888. Will be trying the next url if available
2018-10-24 15:06:57 [main] WARN  o.s.c.c.c.ConfigServicePropertySourceLocator - Could not locate PropertySource: I/O error on GET request for "http://localhost:8888/movie-server/default": Connection refused (Connection refused); nested exception is java.net.ConnectException: Connection refused (Connection refused)
2018-10-24 15:06:57 [main] INFO  c.s.m.repository.MovieRepositoryTest - No active profile set, falling back to default profiles: default
2018-10-24 15:06:57 [main] INFO  o.s.c.a.AnnotationConfigApplicationContext - Refreshing org.springframework.context.annotation.AnnotationConfigApplicationContext@76efa2b7: startup date [Wed Oct 24 15:06:57 IST 2018]; parent: org.springframework.context.annotation.AnnotationConfigApplicationContext@61d4155b
2018-10-24 15:06:57 [main] INFO  o.s.b.f.a.AutowiredAnnotationBeanPostProcessor - JSR-330 'javax.inject.Inject' annotation found and supported for autowiring
2018-10-24 15:06:57 [main] INFO  org.mongodb.driver.cluster - Cluster created with settings {hosts=[localhost:27017], mode=SINGLE, requiredClusterType=UNKNOWN, serverSelectionTimeout='30000 ms', maxWaitQueueSize=500}
2018-10-24 15:06:57 [cluster-ClusterId{value='5bd03d39068abc315f74fe27', description='null'}-localhost:27017] INFO  org.mongodb.driver.connection - Opened connection [connectionId{localValue:2, serverValue:2}] to localhost:27017
2018-10-24 15:06:57 [cluster-ClusterId{value='5bd03d39068abc315f74fe27', description='null'}-localhost:27017] INFO  org.mongodb.driver.cluster - Monitor thread successfully connected to server with description ServerDescription{address=localhost:27017, type=STANDALONE, state=CONNECTED, ok=true, version=ServerVersion{versionList=[3, 2, 21]}, minWireVersion=0, maxWireVersion=4, maxDocumentSize=16777216, logicalSessionTimeoutMinutes=null, roundTripTimeNanos=832436}
2018-10-24 15:06:57 [main] INFO  c.s.m.repository.MovieRepositoryTest - Started MovieRepositoryTest in 0.515 seconds (JVM running for 15.906)
2018-10-24 15:06:57 [main] INFO  org.mongodb.driver.connection - Opened connection [connectionId{localValue:3, serverValue:3}] to localhost:27017
2018-10-24 15:06:58 [Thread-12] INFO  o.s.c.a.AnnotationConfigApplicationContext - Closing org.springframework.context.annotation.AnnotationConfigApplicationContext@76efa2b7: startup date [Wed Oct 24 15:06:57 IST 2018]; parent: org.springframework.context.annotation.AnnotationConfigApplicationContext@61d4155b
2018-10-24 15:06:58 [Thread-12] INFO  org.mongodb.driver.connection - Closed connection [connectionId{localValue:3, serverValue:3}] to localhost:27017 because the pool has been closed.
2018-10-24 15:06:58 [Thread-4] INFO  o.s.c.n.eureka.InstanceInfoFactory - Setting initial instance status as: STARTING
2018-10-24 15:06:58 [Thread-4] INFO  o.s.c.n.e.s.EurekaServiceRegistry - Unregistering application movie-server with eureka with status DOWN
2018-10-24 15:06:58 [Thread-4] INFO  o.s.c.s.DefaultLifecycleProcessor - Stopping beans in phase 2147483647
2018-10-24 15:06:58 [Thread-4] INFO  o.s.c.s.DefaultLifecycleProcessor - Stopping beans in phase 0
2018-10-24 15:27:27 [main] INFO  o.s.c.c.c.ConfigServicePropertySourceLocator - Fetching config from server at : http://localhost:8888
2018-10-24 15:27:27 [main] INFO  o.s.c.c.c.ConfigServicePropertySourceLocator - Connect Timeout Exception on Url - http://localhost:8888. Will be trying the next url if available
2018-10-24 15:27:27 [main] WARN  o.s.c.c.c.ConfigServicePropertySourceLocator - Could not locate PropertySource: I/O error on GET request for "http://localhost:8888/movie-server/default": Connection refused (Connection refused); nested exception is java.net.ConnectException: Connection refused (Connection refused)
2018-10-24 15:27:27 [main] INFO  c.s.m.MovieServicesApplicationTests - No active profile set, falling back to default profiles: default
2018-10-24 15:27:28 [main] INFO  o.s.cloud.context.scope.GenericScope - BeanFactory id=9cdd7f74-86b0-36b6-aebe-69ca4c6ddb3f
2018-10-24 15:27:29 [main] INFO  o.s.b.f.a.AutowiredAnnotationBeanPostProcessor - JSR-330 'javax.inject.Inject' annotation found and supported for autowiring
2018-10-24 15:27:29 [main] INFO  o.s.c.s.PostProcessorRegistrationDelegate$BeanPostProcessorChecker - Bean 'org.springframework.cloud.autoconfigure.ConfigurationPropertiesRebinderAutoConfiguration' of type [org.springframework.cloud.autoconfigure.ConfigurationPropertiesRebinderAutoConfiguration$$EnhancerBySpringCGLIB$$2cc452c0] is not eligible for getting processed by all BeanPostProcessors (for example: not eligible for auto-proxying)
2018-10-24 15:27:29 [main] INFO  org.mongodb.driver.cluster - Cluster created with settings {hosts=[localhost:27017], mode=SINGLE, requiredClusterType=UNKNOWN, serverSelectionTimeout='30000 ms', maxWaitQueueSize=500}
2018-10-24 15:27:29 [cluster-ClusterId{value='5bd04209068abc3567173035', description='null'}-localhost:27017] INFO  org.mongodb.driver.connection - Opened connection [connectionId{localValue:1, serverValue:4}] to localhost:27017
2018-10-24 15:27:29 [cluster-ClusterId{value='5bd04209068abc3567173035', description='null'}-localhost:27017] INFO  org.mongodb.driver.cluster - Monitor thread successfully connected to server with description ServerDescription{address=localhost:27017, type=STANDALONE, state=CONNECTED, ok=true, version=ServerVersion{versionList=[3, 2, 21]}, minWireVersion=0, maxWireVersion=4, maxDocumentSize=16777216, logicalSessionTimeoutMinutes=null, roundTripTimeNanos=1438786}
2018-10-24 15:27:30 [main] INFO  s.d.s.w.PropertySourcedRequestMappingHandlerMapping - Mapped URL path [/v2/api-docs] onto method [public org.springframework.http.ResponseEntity<springfox.documentation.spring.web.json.Json> springfox.documentation.swagger2.web.Swagger2Controller.getDocumentation(java.lang.String,javax.servlet.http.HttpServletRequest)]
2018-10-24 15:27:31 [main] WARN  c.n.c.sources.URLConfigurationSource - No URLs will be polled as dynamic configuration sources.
2018-10-24 15:27:31 [main] INFO  c.n.c.sources.URLConfigurationSource - To enable URLs as dynamic configuration sources, define System property archaius.configurationSource.additionalUrls or make config.properties available on classpath.
2018-10-24 15:27:31 [main] WARN  c.n.c.sources.URLConfigurationSource - No URLs will be polled as dynamic configuration sources.
2018-10-24 15:27:31 [main] INFO  c.n.c.sources.URLConfigurationSource - To enable URLs as dynamic configuration sources, define System property archaius.configurationSource.additionalUrls or make config.properties available on classpath.
2018-10-24 15:27:32 [main] INFO  o.s.c.s.DefaultLifecycleProcessor - Starting beans in phase 0
2018-10-24 15:27:32 [main] INFO  o.s.c.s.DefaultLifecycleProcessor - Starting beans in phase 2147483647
2018-10-24 15:27:32 [main] INFO  s.d.s.w.p.DocumentationPluginsBootstrapper - Context refreshed
2018-10-24 15:27:32 [main] INFO  s.d.s.w.p.DocumentationPluginsBootstrapper - Found 1 custom documentation plugin(s)
2018-10-24 15:27:32 [main] INFO  s.d.s.w.s.ApiListingReferenceScanner - Scanning for api listing references
2018-10-24 15:27:32 [main] INFO  c.s.m.MovieServicesApplicationTests - Started MovieServicesApplicationTests in 7.71 seconds (JVM running for 9.457)
2018-10-24 15:27:32 [main] INFO  o.s.b.t.a.w.s.WebMvcTestContextBootstrapper - Neither @ContextConfiguration nor @ContextHierarchy found for test class [com.stackroute.movieservice.controller.MovieControllerTest], using SpringBootContextLoader
2018-10-24 15:27:32 [main] INFO  o.s.t.c.s.AbstractContextLoader - Could not detect default resource locations for test class [com.stackroute.movieservice.controller.MovieControllerTest]: no resource found for suffixes {-context.xml, Context.groovy}.
2018-10-24 15:27:32 [main] INFO  o.s.t.c.s.AnnotationConfigContextLoaderUtils - Could not detect default configuration classes for test class [com.stackroute.movieservice.controller.MovieControllerTest]: MovieControllerTest does not declare any static, non-private, non-final, nested classes annotated with @Configuration.
2018-10-24 15:27:32 [main] INFO  o.s.b.t.c.SpringBootTestContextBootstrapper - Found @SpringBootConfiguration com.stackroute.movieservice.MovieServicesApplication for test class com.stackroute.movieservice.controller.MovieControllerTest
2018-10-24 15:27:32 [main] INFO  o.s.b.t.a.w.s.WebMvcTestContextBootstrapper - Loaded default TestExecutionListener class names from location [META-INF/spring.factories]: [org.springframework.boot.test.mock.mockito.MockitoTestExecutionListener, org.springframework.boot.test.mock.mockito.ResetMocksTestExecutionListener, org.springframework.boot.test.autoconfigure.restdocs.RestDocsTestExecutionListener, org.springframework.boot.test.autoconfigure.web.client.MockRestServiceServerResetTestExecutionListener, org.springframework.boot.test.autoconfigure.web.servlet.MockMvcPrintOnlyOnFailureTestExecutionListener, org.springframework.boot.test.autoconfigure.web.servlet.WebDriverTestExecutionListener, org.springframework.test.context.web.ServletTestExecutionListener, org.springframework.test.context.support.DirtiesContextBeforeModesTestExecutionListener, org.springframework.test.context.support.DependencyInjectionTestExecutionListener, org.springframework.test.context.support.DirtiesContextTestExecutionListener, org.springframework.test.context.transaction.TransactionalTestExecutionListener, org.springframework.test.context.jdbc.SqlScriptsTestExecutionListener]
2018-10-24 15:27:32 [main] INFO  o.s.b.t.a.w.s.WebMvcTestContextBootstrapper - Using TestExecutionListeners: [org.springframework.test.context.web.ServletTestExecutionListener@238280df, org.springframework.test.context.support.DirtiesContextBeforeModesTestExecutionListener@182fd26b, org.springframework.boot.test.mock.mockito.MockitoTestExecutionListener@5dc120ab, org.springframework.boot.test.autoconfigure.SpringBootDependencyInjectionTestExecutionListener@49c4118b, org.springframework.test.context.support.DirtiesContextTestExecutionListener@7ef7f414, org.springframework.test.context.transaction.TransactionalTestExecutionListener@182dcd2b, org.springframework.test.context.jdbc.SqlScriptsTestExecutionListener@4c3d72fd, org.springframework.boot.test.mock.mockito.ResetMocksTestExecutionListener@259c6ab8, org.springframework.boot.test.autoconfigure.restdocs.RestDocsTestExecutionListener@640a6d4b, org.springframework.boot.test.autoconfigure.web.client.MockRestServiceServerResetTestExecutionListener@1238a074, org.springframework.boot.test.autoconfigure.web.servlet.MockMvcPrintOnlyOnFailureTestExecutionListener@35b58254, org.springframework.boot.test.autoconfigure.web.servlet.WebDriverTestExecutionListener@73baf7f0]
2018-10-24 15:27:33 [main] INFO  o.s.c.c.c.ConfigServicePropertySourceLocator - Fetching config from server at : http://localhost:8888
2018-10-24 15:27:33 [main] INFO  o.s.c.c.c.ConfigServicePropertySourceLocator - Connect Timeout Exception on Url - http://localhost:8888. Will be trying the next url if available
2018-10-24 15:27:33 [main] WARN  o.s.c.c.c.ConfigServicePropertySourceLocator - Could not locate PropertySource: I/O error on GET request for "http://localhost:8888/movie-server/default": Connection refused (Connection refused); nested exception is java.net.ConnectException: Connection refused (Connection refused)
2018-10-24 15:27:33 [main] INFO  c.s.m.controller.MovieControllerTest - No active profile set, falling back to default profiles: default
2018-10-24 15:27:34 [main] INFO  o.s.b.f.a.AutowiredAnnotationBeanPostProcessor - JSR-330 'javax.inject.Inject' annotation found and supported for autowiring
2018-10-24 15:27:34 [main] INFO  o.s.b.t.m.w.SpringBootMockServletContext - Initializing Spring FrameworkServlet ''
2018-10-24 15:27:34 [main] INFO  o.s.t.w.s.TestDispatcherServlet - FrameworkServlet '': initialization started
2018-10-24 15:27:34 [main] INFO  o.s.t.w.s.TestDispatcherServlet - FrameworkServlet '': initialization completed in 17 ms
2018-10-24 15:27:34 [main] INFO  c.s.m.controller.MovieControllerTest - Started MovieControllerTest in 1.531 seconds (JVM running for 11.187)
2018-10-24 15:27:34 [main] INFO  o.s.mock.web.MockServletContext - Initializing Spring FrameworkServlet ''
2018-10-24 15:27:34 [main] INFO  o.s.t.w.s.TestDispatcherServlet - FrameworkServlet '': initialization started
2018-10-24 15:27:34 [main] INFO  o.s.t.w.s.TestDispatcherServlet - FrameworkServlet '': initialization completed in 1 ms
2018-10-24 15:27:34 [main] ERROR c.s.m.controller.MovieController - null
2018-10-24 15:27:34 [main] INFO  o.s.mock.web.MockServletContext - Initializing Spring FrameworkServlet ''
2018-10-24 15:27:34 [main] INFO  o.s.t.w.s.TestDispatcherServlet - FrameworkServlet '': initialization started
2018-10-24 15:27:34 [main] INFO  o.s.t.w.s.TestDispatcherServlet - FrameworkServlet '': initialization completed in 0 ms
2018-10-24 15:27:34 [main] ERROR c.s.m.controller.MovieController - null
2018-10-24 15:27:34 [main] INFO  o.s.mock.web.MockServletContext - Initializing Spring FrameworkServlet ''
2018-10-24 15:27:34 [main] INFO  o.s.t.w.s.TestDispatcherServlet - FrameworkServlet '': initialization started
2018-10-24 15:27:34 [main] INFO  o.s.t.w.s.TestDispatcherServlet - FrameworkServlet '': initialization completed in 1 ms
2018-10-24 15:27:34 [main] INFO  o.s.mock.web.MockServletContext - Initializing Spring FrameworkServlet ''
2018-10-24 15:27:34 [main] INFO  o.s.t.w.s.TestDispatcherServlet - FrameworkServlet '': initialization started
2018-10-24 15:27:34 [main] INFO  o.s.t.w.s.TestDispatcherServlet - FrameworkServlet '': initialization completed in 0 ms
2018-10-24 15:27:34 [main] INFO  o.s.mock.web.MockServletContext - Initializing Spring FrameworkServlet ''
2018-10-24 15:27:34 [main] INFO  o.s.t.w.s.TestDispatcherServlet - FrameworkServlet '': initialization started
2018-10-24 15:27:34 [main] INFO  o.s.t.w.s.TestDispatcherServlet - FrameworkServlet '': initialization completed in 0 ms
2018-10-24 15:27:34 [main] INFO  o.s.mock.web.MockServletContext - Initializing Spring FrameworkServlet ''
2018-10-24 15:27:34 [main] INFO  o.s.t.w.s.TestDispatcherServlet - FrameworkServlet '': initialization started
2018-10-24 15:27:34 [main] INFO  o.s.t.w.s.TestDispatcherServlet - FrameworkServlet '': initialization completed in 0 ms
2018-10-24 15:27:35 [main] INFO  o.s.mock.web.MockServletContext - Initializing Spring FrameworkServlet ''
2018-10-24 15:27:35 [main] INFO  o.s.t.w.s.TestDispatcherServlet - FrameworkServlet '': initialization started
2018-10-24 15:27:35 [main] INFO  o.s.t.w.s.TestDispatcherServlet - FrameworkServlet '': initialization completed in 1 ms
2018-10-24 15:27:35 [main] ERROR c.s.m.controller.MovieController - null
2018-10-24 15:27:35 [main] INFO  o.s.mock.web.MockServletContext - Initializing Spring FrameworkServlet ''
2018-10-24 15:27:35 [main] INFO  o.s.t.w.s.TestDispatcherServlet - FrameworkServlet '': initialization started
2018-10-24 15:27:35 [main] INFO  o.s.t.w.s.TestDispatcherServlet - FrameworkServlet '': initialization completed in 0 ms
2018-10-24 15:27:35 [main] INFO  o.s.mock.web.MockServletContext - Initializing Spring FrameworkServlet ''
2018-10-24 15:27:35 [main] INFO  o.s.t.w.s.TestDispatcherServlet - FrameworkServlet '': initialization started
2018-10-24 15:27:35 [main] INFO  o.s.t.w.s.TestDispatcherServlet - FrameworkServlet '': initialization completed in 0 ms
2018-10-24 15:27:35 [main] ERROR c.s.m.controller.MovieController - null
2018-10-24 15:27:35 [main] INFO  o.s.mock.web.MockServletContext - Initializing Spring FrameworkServlet ''
2018-10-24 15:27:35 [main] INFO  o.s.t.w.s.TestDispatcherServlet - FrameworkServlet '': initialization started
2018-10-24 15:27:35 [main] INFO  o.s.t.w.s.TestDispatcherServlet - FrameworkServlet '': initialization completed in 0 ms
2018-10-24 15:27:35 [main] ERROR c.s.m.controller.MovieController - null
2018-10-24 15:27:35 [main] INFO  o.s.mock.web.MockServletContext - Initializing Spring FrameworkServlet ''
2018-10-24 15:27:35 [main] INFO  o.s.t.w.s.TestDispatcherServlet - FrameworkServlet '': initialization started
2018-10-24 15:27:35 [main] INFO  o.s.t.w.s.TestDispatcherServlet - FrameworkServlet '': initialization completed in 1 ms
2018-10-24 15:27:35 [main] INFO  o.s.mock.web.MockServletContext - Initializing Spring FrameworkServlet ''
2018-10-24 15:27:35 [main] INFO  o.s.t.w.s.TestDispatcherServlet - FrameworkServlet '': initialization started
2018-10-24 15:27:35 [main] INFO  o.s.t.w.s.TestDispatcherServlet - FrameworkServlet '': initialization completed in 0 ms
2018-10-24 15:27:35 [main] ERROR c.s.m.controller.MovieController - null
2018-10-24 15:27:35 [main] INFO  o.s.b.t.c.SpringBootTestContextBootstrapper - Neither @ContextConfiguration nor @ContextHierarchy found for test class [com.stackroute.movieservice.repository.MovieRepositoryTest], using SpringBootContextLoader
2018-10-24 15:27:35 [main] INFO  o.s.t.c.s.AbstractContextLoader - Could not detect default resource locations for test class [com.stackroute.movieservice.repository.MovieRepositoryTest]: no resource found for suffixes {-context.xml, Context.groovy}.
2018-10-24 15:27:35 [main] INFO  o.s.t.c.s.AnnotationConfigContextLoaderUtils - Could not detect default configuration classes for test class [com.stackroute.movieservice.repository.MovieRepositoryTest]: MovieRepositoryTest does not declare any static, non-private, non-final, nested classes annotated with @Configuration.
2018-10-24 15:27:35 [main] INFO  o.s.b.t.c.SpringBootTestContextBootstrapper - Found @SpringBootConfiguration com.stackroute.movieservice.MovieServicesApplication for test class com.stackroute.movieservice.repository.MovieRepositoryTest
2018-10-24 15:27:35 [main] INFO  o.s.b.t.c.SpringBootTestContextBootstrapper - Loaded default TestExecutionListener class names from location [META-INF/spring.factories]: [org.springframework.boot.test.mock.mockito.MockitoTestExecutionListener, org.springframework.boot.test.mock.mockito.ResetMocksTestExecutionListener, org.springframework.boot.test.autoconfigure.restdocs.RestDocsTestExecutionListener, org.springframework.boot.test.autoconfigure.web.client.MockRestServiceServerResetTestExecutionListener, org.springframework.boot.test.autoconfigure.web.servlet.MockMvcPrintOnlyOnFailureTestExecutionListener, org.springframework.boot.test.autoconfigure.web.servlet.WebDriverTestExecutionListener, org.springframework.test.context.web.ServletTestExecutionListener, org.springframework.test.context.support.DirtiesContextBeforeModesTestExecutionListener, org.springframework.test.context.support.DependencyInjectionTestExecutionListener, org.springframework.test.context.support.DirtiesContextTestExecutionListener, org.springframework.test.context.transaction.TransactionalTestExecutionListener, org.springframework.test.context.jdbc.SqlScriptsTestExecutionListener]
2018-10-24 15:27:35 [main] INFO  o.s.b.t.c.SpringBootTestContextBootstrapper - Using TestExecutionListeners: [org.springframework.test.context.web.ServletTestExecutionListener@30f99ca1, org.springframework.test.context.support.DirtiesContextBeforeModesTestExecutionListener@edb8f0c, org.springframework.boot.test.mock.mockito.MockitoTestExecutionListener@6f70015, org.springframework.boot.test.autoconfigure.SpringBootDependencyInjectionTestExecutionListener@1d5fc340, org.springframework.test.context.support.DirtiesContextTestExecutionListener@613f48de, org.springframework.test.context.transaction.TransactionalTestExecutionListener@33ce081a, org.springframework.test.context.jdbc.SqlScriptsTestExecutionListener@d8751de, org.springframework.boot.test.mock.mockito.ResetMocksTestExecutionListener@6e21c6ed, org.springframework.boot.test.autoconfigure.restdocs.RestDocsTestExecutionListener@75c30a4f, org.springframework.boot.test.autoconfigure.web.client.MockRestServiceServerResetTestExecutionListener@360e4235, org.springframework.boot.test.autoconfigure.web.servlet.MockMvcPrintOnlyOnFailureTestExecutionListener@1b0fc8b, org.springframework.boot.test.autoconfigure.web.servlet.WebDriverTestExecutionListener@61c644fe]
2018-10-24 15:27:35 [main] INFO  o.s.c.c.c.ConfigServicePropertySourceLocator - Fetching config from server at : http://localhost:8888
2018-10-24 15:27:35 [main] INFO  o.s.c.c.c.ConfigServicePropertySourceLocator - Connect Timeout Exception on Url - http://localhost:8888. Will be trying the next url if available
2018-10-24 15:27:35 [main] WARN  o.s.c.c.c.ConfigServicePropertySourceLocator - Could not locate PropertySource: I/O error on GET request for "http://localhost:8888/movie-server/default": Connection refused (Connection refused); nested exception is java.net.ConnectException: Connection refused (Connection refused)
2018-10-24 15:27:35 [main] INFO  c.s.m.repository.MovieRepositoryTest - No active profile set, falling back to default profiles: default
2018-10-24 15:27:35 [main] INFO  o.s.c.a.AnnotationConfigApplicationContext - Refreshing org.springframework.context.annotation.AnnotationConfigApplicationContext@62ff3028: startup date [Wed Oct 24 15:27:35 IST 2018]; parent: org.springframework.context.annotation.AnnotationConfigApplicationContext@91c11b6
2018-10-24 15:27:35 [main] INFO  o.s.b.f.a.AutowiredAnnotationBeanPostProcessor - JSR-330 'javax.inject.Inject' annotation found and supported for autowiring
2018-10-24 15:27:35 [main] INFO  org.mongodb.driver.cluster - Cluster created with settings {hosts=[localhost:27017], mode=SINGLE, requiredClusterType=UNKNOWN, serverSelectionTimeout='30000 ms', maxWaitQueueSize=500}
2018-10-24 15:27:35 [cluster-ClusterId{value='5bd0420f068abc3567173036', description='null'}-localhost:27017] INFO  org.mongodb.driver.connection - Opened connection [connectionId{localValue:2, serverValue:5}] to localhost:27017
2018-10-24 15:27:35 [cluster-ClusterId{value='5bd0420f068abc3567173036', description='null'}-localhost:27017] INFO  org.mongodb.driver.cluster - Monitor thread successfully connected to server with description ServerDescription{address=localhost:27017, type=STANDALONE, state=CONNECTED, ok=true, version=ServerVersion{versionList=[3, 2, 21]}, minWireVersion=0, maxWireVersion=4, maxDocumentSize=16777216, logicalSessionTimeoutMinutes=null, roundTripTimeNanos=979712}
2018-10-24 15:27:35 [main] INFO  c.s.m.repository.MovieRepositoryTest - Started MovieRepositoryTest in 0.519 seconds (JVM running for 12.593)
2018-10-24 15:27:36 [main] INFO  org.mongodb.driver.connection - Opened connection [connectionId{localValue:3, serverValue:6}] to localhost:27017
2018-10-24 15:27:36 [Thread-12] INFO  o.s.c.a.AnnotationConfigApplicationContext - Closing org.springframework.context.annotation.AnnotationConfigApplicationContext@62ff3028: startup date [Wed Oct 24 15:27:35 IST 2018]; parent: org.springframework.context.annotation.AnnotationConfigApplicationContext@91c11b6
2018-10-24 15:27:36 [Thread-12] INFO  org.mongodb.driver.connection - Closed connection [connectionId{localValue:3, serverValue:6}] to localhost:27017 because the pool has been closed.
2018-10-24 15:27:36 [Thread-4] INFO  o.s.c.n.eureka.InstanceInfoFactory - Setting initial instance status as: STARTING
2018-10-24 15:27:36 [Thread-4] INFO  o.s.c.n.e.s.EurekaServiceRegistry - Unregistering application movie-server with eureka with status DOWN
2018-10-24 15:27:36 [Thread-4] INFO  o.s.c.s.DefaultLifecycleProcessor - Stopping beans in phase 2147483647
2018-10-24 15:27:36 [Thread-4] INFO  o.s.c.s.DefaultLifecycleProcessor - Stopping beans in phase 0
